2023-09-13 00:03:56.594  INFO 95321 --- [restartedMain] c.javaproject.busapi.BusapiApplication   : Starting BusapiApplication using Java 20.0.1 on Mac-Pro.local with PID 95321 (/Users/senthil/sctp-ntu/busapi/target/classes started by senthil in /Users/senthil/sctp-ntu/busapi)
2023-09-13 00:03:56.595 DEBUG 95321 --- [restartedMain] c.javaproject.busapi.BusapiApplication   : Running with Spring Boot v2.7.15, Spring v5.3.29
2023-09-13 00:03:56.595  INFO 95321 --- [restartedMain] c.javaproject.busapi.BusapiApplication   : No active profile set, falling back to 1 default profile: "default"
2023-09-13 00:03:59.813  INFO 95321 --- [restartedMain] c.javaproject.busapi.BusapiApplication   : Started BusapiApplication in 3.869 seconds (JVM running for 4.531)
2023-09-13 00:07:26.601  INFO 95735 --- [restartedMain] c.javaproject.busapi.BusapiApplication   : Starting BusapiApplication using Java 20.0.1 on Mac-Pro.local with PID 95735 (/Users/senthil/sctp-ntu/busapi/target/classes started by senthil in /Users/senthil/sctp-ntu/busapi)
2023-09-13 00:07:26.602 DEBUG 95735 --- [restartedMain] c.javaproject.busapi.BusapiApplication   : Running with Spring Boot v2.7.15, Spring v5.3.29
2023-09-13 00:07:26.603  INFO 95735 --- [restartedMain] c.javaproject.busapi.BusapiApplication   : No active profile set, falling back to 1 default profile: "default"
2023-09-13 00:07:29.334  INFO 95735 --- [restartedMain] c.javaproject.busapi.BusapiApplication   : Started BusapiApplication in 3.307 seconds (JVM running for 3.885)
2023-09-13 00:09:30.722  INFO 95874 --- [restartedMain] c.javaproject.busapi.BusapiApplication   : Starting BusapiApplication using Java 20.0.1 on Mac-Pro.local with PID 95874 (/Users/senthil/sctp-ntu/busapi/target/classes started by senthil in /Users/senthil/sctp-ntu/busapi)
2023-09-13 00:09:30.723 DEBUG 95874 --- [restartedMain] c.javaproject.busapi.BusapiApplication   : Running with Spring Boot v2.7.15, Spring v5.3.29
2023-09-13 00:09:30.724  INFO 95874 --- [restartedMain] c.javaproject.busapi.BusapiApplication   : No active profile set, falling back to 1 default profile: "default"
2023-09-13 00:09:33.379  INFO 95874 --- [restartedMain] c.javaproject.busapi.BusapiApplication   : Started BusapiApplication in 3.425 seconds (JVM running for 3.859)
2023-09-13 00:22:35.760  INFO 97014 --- [restartedMain] c.javaproject.busapi.BusapiApplication   : Starting BusapiApplication using Java 20.0.1 on Mac-Pro.local with PID 97014 (/Users/senthil/sctp-ntu/busapi/target/classes started by senthil in /Users/senthil/sctp-ntu/busapi)
2023-09-13 00:22:35.761 DEBUG 97014 --- [restartedMain] c.javaproject.busapi.BusapiApplication   : Running with Spring Boot v2.7.15, Spring v5.3.29
2023-09-13 00:22:35.762  INFO 97014 --- [restartedMain] c.javaproject.busapi.BusapiApplication   : No active profile set, falling back to 1 default profile: "default"
2023-09-13 00:22:38.044 ERROR 97014 --- [restartedMain] j.LocalContainerEntityManagerFactoryBean : Failed to initialize JPA EntityManagerFactory: No identifier specified for entity: com.javaproject.busapi.Entity.busArrivals
2023-09-13 00:22:38.097 ERROR 97014 --- [restartedMain] o.s.boot.SpringApplication               : Application run failed

org.springframework.beans.factory.BeanCreationException: Error creating bean with name 'entityManagerFactory' defined in class path resource [org/springframework/boot/autoconfigure/orm/jpa/HibernateJpaConfiguration.class]: Invocation of init method failed; nested exception is org.hibernate.AnnotationException: No identifier specified for entity: com.javaproject.busapi.Entity.busArrivals
	at org.springframework.beans.factory.support.AbstractAutowireCapableBeanFactory.initializeBean(AbstractAutowireCapableBeanFactory.java:1804) ~[spring-beans-5.3.29.jar:5.3.29]
	at org.springframework.beans.factory.support.AbstractAutowireCapableBeanFactory.doCreateBean(AbstractAutowireCapableBeanFactory.java:620) ~[spring-beans-5.3.29.jar:5.3.29]
	at org.springframework.beans.factory.support.AbstractAutowireCapableBeanFactory.createBean(AbstractAutowireCapableBeanFactory.java:542) ~[spring-beans-5.3.29.jar:5.3.29]
	at org.springframework.beans.factory.support.AbstractBeanFactory.lambda$doGetBean$0(AbstractBeanFactory.java:335) ~[spring-beans-5.3.29.jar:5.3.29]
	at org.springframework.beans.factory.support.DefaultSingletonBeanRegistry.getSingleton(DefaultSingletonBeanRegistry.java:234) ~[spring-beans-5.3.29.jar:5.3.29]
	at org.springframework.beans.factory.support.AbstractBeanFactory.doGetBean(AbstractBeanFactory.java:333) ~[spring-beans-5.3.29.jar:5.3.29]
	at org.springframework.beans.factory.support.AbstractBeanFactory.getBean(AbstractBeanFactory.java:208) ~[spring-beans-5.3.29.jar:5.3.29]
	at org.springframework.context.support.AbstractApplicationContext.getBean(AbstractApplicationContext.java:1157) ~[spring-context-5.3.29.jar:5.3.29]
	at org.springframework.context.support.AbstractApplicationContext.finishBeanFactoryInitialization(AbstractApplicationContext.java:911) ~[spring-context-5.3.29.jar:5.3.29]
	at org.springframework.context.support.AbstractApplicationContext.refresh(AbstractApplicationContext.java:583) ~[spring-context-5.3.29.jar:5.3.29]
	at org.springframework.boot.web.servlet.context.ServletWebServerApplicationContext.refresh(ServletWebServerApplicationContext.java:147) ~[spring-boot-2.7.15.jar:2.7.15]
	at org.springframework.boot.SpringApplication.refresh(SpringApplication.java:731) ~[spring-boot-2.7.15.jar:2.7.15]
	at org.springframework.boot.SpringApplication.refreshContext(SpringApplication.java:408) ~[spring-boot-2.7.15.jar:2.7.15]
	at org.springframework.boot.SpringApplication.run(SpringApplication.java:307) ~[spring-boot-2.7.15.jar:2.7.15]
	at org.springframework.boot.SpringApplication.run(SpringApplication.java:1303) ~[spring-boot-2.7.15.jar:2.7.15]
	at org.springframework.boot.SpringApplication.run(SpringApplication.java:1292) ~[spring-boot-2.7.15.jar:2.7.15]
	at com.javaproject.busapi.BusapiApplication.main(BusapiApplication.java:10) ~[classes/:na]
	at java.base/jdk.internal.reflect.DirectMethodHandleAccessor.invoke(DirectMethodHandleAccessor.java:104) ~[na:na]
	at java.base/java.lang.reflect.Method.invoke(Method.java:578) ~[na:na]
	at org.springframework.boot.devtools.restart.RestartLauncher.run(RestartLauncher.java:50) ~[spring-boot-devtools-2.7.15.jar:2.7.15]
Caused by: org.hibernate.AnnotationException: No identifier specified for entity: com.javaproject.busapi.Entity.busArrivals
	at org.hibernate.cfg.InheritanceState.determineDefaultAccessType(InheritanceState.java:266) ~[hibernate-core-5.6.15.Final.jar:5.6.15.Final]
	at org.hibernate.cfg.InheritanceState.getElementsToProcess(InheritanceState.java:211) ~[hibernate-core-5.6.15.Final.jar:5.6.15.Final]
	at org.hibernate.cfg.AnnotationBinder.bindClass(AnnotationBinder.java:772) ~[hibernate-core-5.6.15.Final.jar:5.6.15.Final]
	at org.hibernate.boot.model.source.internal.annotations.AnnotationMetadataSourceProcessorImpl.processEntityHierarchies(AnnotationMetadataSourceProcessorImpl.java:225) ~[hibernate-core-5.6.15.Final.jar:5.6.15.Final]
	at org.hibernate.boot.model.process.spi.MetadataBuildingProcess$1.processEntityHierarchies(MetadataBuildingProcess.java:239) ~[hibernate-core-5.6.15.Final.jar:5.6.15.Final]
	at org.hibernate.boot.model.process.spi.MetadataBuildingProcess.complete(MetadataBuildingProcess.java:282) ~[hibernate-core-5.6.15.Final.jar:5.6.15.Final]
	at org.hibernate.jpa.boot.internal.EntityManagerFactoryBuilderImpl.metadata(EntityManagerFactoryBuilderImpl.java:1460) ~[hibernate-core-5.6.15.Final.jar:5.6.15.Final]
	at org.hibernate.jpa.boot.internal.EntityManagerFactoryBuilderImpl.build(EntityManagerFactoryBuilderImpl.java:1494) ~[hibernate-core-5.6.15.Final.jar:5.6.15.Final]
	at org.springframework.orm.jpa.vendor.SpringHibernateJpaPersistenceProvider.createContainerEntityManagerFactory(SpringHibernateJpaPersistenceProvider.java:58) ~[spring-orm-5.3.29.jar:5.3.29]
	at org.springframework.orm.jpa.LocalContainerEntityManagerFactoryBean.createNativeEntityManagerFactory(LocalContainerEntityManagerFactoryBean.java:365) ~[spring-orm-5.3.29.jar:5.3.29]
	at org.springframework.orm.jpa.AbstractEntityManagerFactoryBean.buildNativeEntityManagerFactory(AbstractEntityManagerFactoryBean.java:409) ~[spring-orm-5.3.29.jar:5.3.29]
	at org.springframework.orm.jpa.AbstractEntityManagerFactoryBean.afterPropertiesSet(AbstractEntityManagerFactoryBean.java:396) ~[spring-orm-5.3.29.jar:5.3.29]
	at org.springframework.orm.jpa.LocalContainerEntityManagerFactoryBean.afterPropertiesSet(LocalContainerEntityManagerFactoryBean.java:341) ~[spring-orm-5.3.29.jar:5.3.29]
	at org.springframework.beans.factory.support.AbstractAutowireCapableBeanFactory.invokeInitMethods(AbstractAutowireCapableBeanFactory.java:1863) ~[spring-beans-5.3.29.jar:5.3.29]
	at org.springframework.beans.factory.support.AbstractAutowireCapableBeanFactory.initializeBean(AbstractAutowireCapableBeanFactory.java:1800) ~[spring-beans-5.3.29.jar:5.3.29]
	... 19 common frames omitted

